	at org.gradle.launcher.daemon.server.exec.StartBuildOrRespondWithBusy$1.run(StartBuildOrRespondWithBusy.java:52)
	at org.gradle.launcher.daemon.server.DaemonStateCoordinator$1.run(DaemonStateCoordinator.java:297)
	at org.gradle.internal.concurrent.ExecutorPolicy$CatchAndRecordFailures.onExecute(ExecutorPolicy.java:64)
	at org.gradle.internal.concurrent.ManagedExecutorImpl$1.run(ManagedExecutorImpl.java:48)
	at java.base/java.util.concurrent.ThreadPoolExecutor.runWorker(ThreadPoolExecutor.java:1128)
	at java.base/java.util.concurrent.ThreadPoolExecutor$Worker.run(ThreadPoolExecutor.java:628)
	at java.base/java.lang.Thread.run(Thread.java:829)

> Task :app:preBuild UP-TO-DATE
> Task :app:preDebugBuild UP-TO-DATE
> Task :app:compileDebugAidl NO-SOURCE
> Task :app:compileDebugRenderscript NO-SOURCE
> Task :app:dataBindingMergeDependencyArtifactsDebug
> Task :app:dataBindingMergeGenClassesDebug
> Task :app:generateDebugResValues
> Task :app:generateDebugResources
> Task :app:generateDebugBuildConfig
> Task :app:checkDebugAarMetadata
> Task :app:createDebugCompatibleScreenManifests
> Task :app:extractDeepLinksDebug
> Task :app:mergeDebugResources
> Task :app:processDebugMainManifest
> Task :app:dataBindingGenBaseClassesDebug
> Task :app:processDebugManifest
> Task :app:mergeDebugNativeDebugMetadata NO-SOURCE
> Task :app:javaPreCompileDebug
> Task :app:mergeDebugShaders
> Task :app:compileDebugShaders NO-SOURCE
> Task :app:generateDebugAssets UP-TO-DATE
> Task :app:mergeDebugAssets
> Task :app:compressDebugAssets
> Task :app:processDebugJavaRes NO-SOURCE
> Task :app:desugarDebugFileDependencies
> Task :app:checkDebugDuplicateClasses
> Task :app:mergeDebugJniLibFolders
> Task :app:processDebugManifestForPackage
> Task :app:mergeLibDexDebug
> Task :app:mergeDebugNativeLibs NO-SOURCE
> Task :app:stripDebugDebugSymbols NO-SOURCE
> Task :app:processDebugResources
> Task :app:validateSigningDebug
> Task :app:mergeExtDexDebug

> Task :app:compileDebugKotlin FAILED
e: /home/runner/work/Gps-test001003/Gps-test001003/app/src/main/java/com/gpssimulator/ui/MainActivity.kt: (142, 32): This is an internal kotlinx.coroutines API that should not be used from outside of kotlinx.coroutines. No compatibility guarantees are provided. It is recommended to report your use-case of internal API to kotlinx.coroutines issue tracker, so stable API could be provided instead
e: /home/runner/work/Gps-test001003/Gps-test001003/app/src/main/java/com/gpssimulator/ui/MainActivity.kt: (142, 40): Type mismatch: inferred type is (com.gpssimulator.ui.SimulationState) -> Unit but FlowCollector<com.gpssimulator.data.SimulationState> was expected
e: /home/runner/work/Gps-test001003/Gps-test001003/app/src/main/java/com/gpssimulator/ui/MainActivity.kt: (143, 50): Unresolved reference: currentLocation
e: /home/runner/work/Gps-test001003/Gps-test001003/app/src/main/java/com/gpssimulator/ui/MainActivity.kt: (143, 95): Unresolved reference: currentLocation
e: /home/runner/work/Gps-test001003/Gps-test001003/app/src/main/java/com/gpssimulator/ui/MainActivity.kt: (144, 51): Unresolved reference: direction
e: /home/runner/work/Gps-test001003/Gps-test001003/app/src/main/java/com/gpssimulator/ui/MainActivity.kt: (145, 47): Unresolved reference: speed
e: /home/runner/work/Gps-test001003/Gps-test001003/app/src/main/java/com/gpssimulator/ui/MainActivity.kt: (146, 47): Unresolved reference: scale
e: /home/runner/work/Gps-test001003/Gps-test001003/app/src/main/java/com/gpssimulator/ui/MainActivity.kt: (147, 41): Unresolved reference: statusMessage
e: /home/runner/work/Gps-test001003/Gps-test001003/app/src/main/java/com/gpssimulator/ui/MainActivity.kt: (149, 50): Unresolved reference: direction
e: /home/runner/work/Gps-test001003/Gps-test001003/app/src/main/java/com/gpssimulator/ui/MainActivity.kt: (150, 47): Unresolved reference: speed
e: /home/runner/work/Gps-test001003/Gps-test001003/app/src/main/java/com/gpssimulator/ui/MainActivity.kt: (151, 47): Unresolved reference: scale
e: /home/runner/work/Gps-test001003/Gps-test001003/app/src/main/java/com/gpssimulator/ui/MainActivity.kt: (153, 52): Unresolved reference: isSimulating
e: /home/runner/work/Gps-test001003/Gps-test001003/app/src/main/java/com/gpssimulator/ui/MainActivity.kt: (154, 48): Unresolved reference: isMoving
e: /home/runner/work/Gps-test001003/Gps-test001003/app/src/main/java/com/gpssimulator/ui/MainActivity.kt: (154, 66): Unresolved reference: isSimulating

FAILURE: Build failed with an exception.

* What went wrong:
Execution failed for task ':app:compileDebugKotlin'.
> Compilation error. See log for more details

* Try:
> Run with --stacktrace option to get the stack trace.
> Run with --info or --debug option to get more log output.
> Run with --scan to get full insights.

* Get more help at https://help.gradle.org

Deprecated Gradle features were used in this build, making it incompatible with Gradle 8.0.

You can use '--warning-mode all' to show the individual deprecation warnings and determine if they come from your own scripts or plugins.

See https://docs.gradle.org/7.5/userguide/command_line_interface.html#sec:command_line_warnings

BUILD FAILED in 1m
24 actionable tasks: 24 executed
